c:\users\aronc\desktop\malwaretesting\ratclient\cpphelp\x64\release\cpphelp.pch
c:\users\aronc\desktop\malwaretesting\ratclient\cpphelp\x64\release\vc143.pdb
c:\users\aronc\desktop\malwaretesting\ratclient\cpphelp\x64\release\pch.obj
c:\users\aronc\desktop\malwaretesting\ratclient\cpphelp\x64\release\wifiinfo.obj
c:\users\aronc\desktop\malwaretesting\ratclient\cpphelp\x64\release\tools.obj
c:\users\aronc\desktop\malwaretesting\ratclient\cpphelp\x64\release\injectshellcode.obj
c:\users\aronc\desktop\malwaretesting\ratclient\cpphelp\x64\release\runasuser.obj
c:\users\aronc\desktop\malwaretesting\ratclient\cpphelp\x64\release\hollowing.obj
c:\users\aronc\desktop\malwaretesting\ratclient\cpphelp\x64\release\getsystem.obj
c:\users\aronc\desktop\malwaretesting\ratclient\cpphelp\x64\release\dllmain.obj
c:\users\aronc\desktop\malwaretesting\newratproject\neptoon\ratclient\ratclient\bin\release\cpphelp.dll
c:\users\aronc\desktop\malwaretesting\ratclient\cpphelp\x64\release\cpphelp.ipdb
c:\users\aronc\desktop\malwaretesting\newratproject\neptoon\ratclient\ratclient\bin\release\cpphelp.pdb
c:\users\aronc\desktop\malwaretesting\ratclient\cpphelp\x64\release\cpphelp.iobj
c:\users\aronc\desktop\malwaretesting\newratproject\neptoon\ratclient\ratclient\bin\release\cpphelp.lib
c:\users\aronc\desktop\malwaretesting\newratproject\neptoon\ratclient\ratclient\bin\release\cpphelp.exp
c:\users\aronc\desktop\malwaretesting\ratclient\cpphelp\x64\release\cpphelp.tlog\cl.command.1.tlog
c:\users\aronc\desktop\malwaretesting\ratclient\cpphelp\x64\release\cpphelp.tlog\cl.items.tlog
c:\users\aronc\desktop\malwaretesting\ratclient\cpphelp\x64\release\cpphelp.tlog\cl.read.1.tlog
c:\users\aronc\desktop\malwaretesting\ratclient\cpphelp\x64\release\cpphelp.tlog\cl.write.1.tlog
c:\users\aronc\desktop\malwaretesting\ratclient\cpphelp\x64\release\cpphelp.tlog\link.command.1.tlog
c:\users\aronc\desktop\malwaretesting\ratclient\cpphelp\x64\release\cpphelp.tlog\link.read.1.tlog
c:\users\aronc\desktop\malwaretesting\ratclient\cpphelp\x64\release\cpphelp.tlog\link.write.1.tlog
c:\users\aronc\desktop\malwaretesting\ratclient\cpphelp\x64\release\cpphelp.tlog\link.write.2u.tlog
